# JRE version: Java(TM) SE Runtime Environment (8.0_92-b14) (build 1.8.0_92-b14)
# Java VM: Java HotSpot(TM) 64-Bit Server VM (25.92-b14 mixed mode windows-amd64 compressed oops)
Heap:
 PSYoungGen      total 334848K, used 330400K [0x00000000eb380000, 0x00000000fff00000, 0x0000000100000000)
  eden space 330240K, 100% used [0x00000000eb380000,0x00000000ff600000,0x00000000ff600000)
  from space 4608K, 3% used [0x00000000ffa80000,0x00000000ffaa8000,0x00000000fff00000)
  to   space 512K, 0% used [0x00000000ff600000,0x00000000ff600000,0x00000000ff680000)
 ParOldGen       total 44032K, used 5564K [0x00000000c1a00000, 0x00000000c4500000, 0x00000000eb380000)
  object space 44032K, 12% used [0x00000000c1a00000,0x00000000c1f6f238,0x00000000c4500000)
 Metaspace       used 18591K, capacity 18840K, committed 19200K, reserved 1067008K
  class space    used 2353K, capacity 2434K, committed 2560K, reserved 1048576K
GC Heap History (10 events):
Event: 6.537 GC heap before
{Heap before GC invocations=12 (full 0):
 PSYoungGen      total 214016K, used 209056K [0x00000000eb380000, 0x00000000f8980000, 0x0000000100000000)
  eden space 208896K, 100% used [0x00000000eb380000,0x00000000f7f80000,0x00000000f7f80000)
  from space 5120K, 3% used [0x00000000f7f80000,0x00000000f7fa8000,0x00000000f8480000)
  to   space 5120K, 0% used [0x00000000f8480000,0x00000000f8480000,0x00000000f8980000)
 ParOldGen       total 44032K, used 5268K [0x00000000c1a00000, 0x00000000c4500000, 0x00000000eb380000)
  object space 44032K, 11% used [0x00000000c1a00000,0x00000000c1f25238,0x00000000c4500000)
 Metaspace       used 17142K, capacity 17394K, committed 17664K, reserved 1064960K
  class space    used 2121K, capacity 2209K, committed 2304K, reserved 1048576K
Event: 6.540 GC heap after
Heap after GC invocations=12 (full 0):
 PSYoungGen      total 214016K, used 128K [0x00000000eb380000, 0x00000000f8980000, 0x0000000100000000)
  eden space 208896K, 0% used [0x00000000eb380000,0x00000000eb380000,0x00000000f7f80000)
  from space 5120K, 2% used [0x00000000f8480000,0x00000000f84a0000,0x00000000f8980000)
  to   space 5120K, 0% used [0x00000000f7f80000,0x00000000f7f80000,0x00000000f8480000)
 ParOldGen       total 44032K, used 5340K [0x00000000c1a00000, 0x00000000c4500000, 0x00000000eb380000)
  object space 44032K, 12% used [0x00000000c1a00000,0x00000000c1f37238,0x00000000c4500000)
 Metaspace       used 17142K, capacity 17394K, committed 17664K, reserved 1064960K
  class space    used 2121K, capacity 2209K, committed 2304K, reserved 1048576K
}
Event: 6.850 GC heap before
{Heap before GC invocations=13 (full 0):
 PSYoungGen      total 214016K, used 209024K [0x00000000eb380000, 0x00000000f8980000, 0x0000000100000000)
  eden space 208896K, 100% used [0x00000000eb380000,0x00000000f7f80000,0x00000000f7f80000)
  from space 5120K, 2% used [0x00000000f8480000,0x00000000f84a0000,0x00000000f8980000)
  to   space 5120K, 0% used [0x00000000f7f80000,0x00000000f7f80000,0x00000000f8480000)
 ParOldGen       total 44032K, used 5340K [0x00000000c1a00000, 0x00000000c4500000, 0x00000000eb380000)
  object space 44032K, 12% used [0x00000000c1a00000,0x00000000c1f37238,0x00000000c4500000)
 Metaspace       used 17577K, capacity 17810K, committed 18048K, reserved 1064960K
  class space    used 2206K, capacity 2305K, committed 2432K, reserved 1048576K
Event: 6.852 GC heap after
Heap after GC invocations=13 (full 0):
 PSYoungGen      total 214016K, used 160K [0x00000000eb380000, 0x0000000100000000, 0x0000000100000000)
  eden space 208896K, 0% used [0x00000000eb380000,0x00000000eb380000,0x00000000f7f80000)
  from space 5120K, 3% used [0x00000000f7f80000,0x00000000f7fa8000,0x00000000f8480000)
  to   space 5120K, 0% used [0x00000000ffb00000,0x00000000ffb00000,0x0000000100000000)
 ParOldGen       total 44032K, used 5388K [0x00000000c1a00000, 0x00000000c4500000, 0x00000000eb380000)
  object space 44032K, 12% used [0x00000000c1a00000,0x00000000c1f43238,0x00000000c4500000)
 Metaspace       used 17577K, capacity 17810K, committed 18048K, reserved 1064960K
  class space    used 2206K, capacity 2305K, committed 2432K, reserved 1048576K
}
Event: 7.229 GC heap before
{Heap before GC invocations=14 (full 0):
 PSYoungGen      total 214016K, used 209056K [0x00000000eb380000, 0x0000000100000000, 0x0000000100000000)
  eden space 208896K, 100% used [0x00000000eb380000,0x00000000f7f80000,0x00000000f7f80000)
  from space 5120K, 3% used [0x00000000f7f80000,0x00000000f7fa8000,0x00000000f8480000)
  to   space 5120K, 0% used [0x00000000ffb00000,0x00000000ffb00000,0x0000000100000000)
 ParOldGen       total 44032K, used 5388K [0x00000000c1a00000, 0x00000000c4500000, 0x00000000eb380000)
  object space 44032K, 12% used [0x00000000c1a00000,0x00000000c1f43238,0x00000000c4500000)
 Metaspace       used 17619K, capacity 17874K, committed 18304K, reserved 1064960K
  class space    used 2212K, capacity 2305K, committed 2432K, reserved 1048576K
Event: 7.239 GC heap after
Heap after GC invocations=14 (full 0):
 PSYoungGen      total 335360K, used 96K [0x00000000eb380000, 0x0000000100000000, 0x0000000100000000)
  eden space 330240K, 0% used [0x00000000eb380000,0x00000000eb380000,0x00000000ff600000)
  from space 5120K, 1% used [0x00000000ffb00000,0x00000000ffb18000,0x0000000100000000)
  to   space 5120K, 0% used [0x00000000ff600000,0x00000000ff600000,0x00000000ffb00000)
 ParOldGen       total 44032K, used 5468K [0x00000000c1a00000, 0x00000000c4500000, 0x00000000eb380000)
  object space 44032K, 12% used [0x00000000c1a00000,0x00000000c1f57238,0x00000000c4500000)
 Metaspace       used 17619K, capacity 17874K, committed 18304K, reserved 1064960K
  class space    used 2212K, capacity 2305K, committed 2432K, reserved 1048576K
}
Event: 7.857 GC heap before
{Heap before GC invocations=15 (full 0):
 PSYoungGen      total 335360K, used 330336K [0x00000000eb380000, 0x0000000100000000, 0x0000000100000000)
  eden space 330240K, 100% used [0x00000000eb380000,0x00000000ff600000,0x00000000ff600000)
  from space 5120K, 1% used [0x00000000ffb00000,0x00000000ffb18000,0x0000000100000000)
  to   space 5120K, 0% used [0x00000000ff600000,0x00000000ff600000,0x00000000ffb00000)
 ParOldGen       total 44032K, used 5468K [0x00000000c1a00000, 0x00000000c4500000, 0x00000000eb380000)
  object space 44032K, 12% used [0x00000000c1a00000,0x00000000c1f57238,0x00000000c4500000)
 Metaspace       used 17981K, capacity 18226K, committed 18560K, reserved 1064960K
  class space    used 2263K, capacity 2337K, committed 2432K, reserved 1048576K
Event: 7.862 GC heap after
Heap after GC invocations=15 (full 0):
 PSYoungGen      total 330752K, used 128K [0x00000000eb380000, 0x00000000fff00000, 0x0000000100000000)
  eden space 330240K, 0% used [0x00000000eb380000,0x00000000eb380000,0x00000000ff600000)
  from space 512K, 25% used [0x00000000ff600000,0x00000000ff620000,0x00000000ff680000)
  to   space 4608K, 0% used [0x00000000ffa80000,0x00000000ffa80000,0x00000000fff00000)
 ParOldGen       total 44032K, used 5492K [0x00000000c1a00000, 0x00000000c4500000, 0x00000000eb380000)
  object space 44032K, 12% used [0x00000000c1a00000,0x00000000c1f5d238,0x00000000c4500000)
 Metaspace       used 17981K, capacity 18226K, committed 18560K, reserved 1064960K
  class space    used 2263K, capacity 2337K, committed 2432K, reserved 1048576K
}
Event: 8.466 GC heap before
{Heap before GC invocations=16 (full 0):
 PSYoungGen      total 330752K, used 330368K [0x00000000eb380000, 0x00000000fff00000, 0x0000000100000000)
  eden space 330240K, 100% used [0x00000000eb380000,0x00000000ff600000,0x00000000ff600000)
  from space 512K, 25% used [0x00000000ff600000,0x00000000ff620000,0x00000000ff680000)
  to   space 4608K, 0% used [0x00000000ffa80000,0x00000000ffa80000,0x00000000fff00000)
 ParOldGen       total 44032K, used 5492K [0x00000000c1a00000, 0x00000000c4500000, 0x00000000eb380000)
  object space 44032K, 12% used [0x00000000c1a00000,0x00000000c1f5d238,0x00000000c4500000)
 Metaspace       used 18489K, capacity 18712K, committed 18944K, reserved 1064960K
  class space    used 2343K, capacity 2434K, committed 2560K, reserved 1048576K
Event: 8.468 GC heap after
Heap after GC invocations=16 (full 0):
 PSYoungGen      total 334848K, used 160K [0x00000000eb380000, 0x00000000fff00000, 0x0000000100000000)
  eden space 330240K, 0% used [0x00000000eb380000,0x00000000eb380000,0x00000000ff600000)
  from space 4608K, 3% used [0x00000000ffa80000,0x00000000ffaa8000,0x00000000fff00000)
  to   space 512K, 0% used [0x00000000ff600000,0x00000000ff600000,0x00000000ff680000)
 ParOldGen       total 44032K, used 5564K [0x00000000c1a00000, 0x00000000c4500000, 0x00000000eb380000)
  object space 44032K, 12% used [0x00000000c1a00000,0x00000000c1f6f238,0x00000000c4500000)
 Metaspace       used 18489K, capacity 18712K, committed 18944K, reserved 1064960K
  class space    used 2343K, capacity 2434K, committed 2560K, reserved 1048576K
}

