# JRE version: Java(TM) SE Runtime Environment (8.0_92-b14) (build 1.8.0_92-b14)
# Java VM: Java HotSpot(TM) 64-Bit Server VM (25.92-b14 mixed mode windows-amd64 compressed oops)
Heap:
 PSYoungGen      total 27136K, used 682K [0x00000000eb380000, 0x00000000eea80000, 0x0000000100000000)
  eden space 16384K, 4% used [0x00000000eb380000,0x00000000eb42a9c8,0x00000000ec380000)
  from space 10752K, 0% used [0x00000000ec380000,0x00000000ec380000,0x00000000ece00000)
  to   space 11776K, 0% used [0x00000000edf00000,0x00000000edf00000,0x00000000eea80000)
 ParOldGen       total 52224K, used 24891K [0x00000000c1a00000, 0x00000000c4d00000, 0x00000000eb380000)
  object space 52224K, 47% used [0x00000000c1a00000,0x00000000c324ee20,0x00000000c4d00000)
 Metaspace       used 20875K, capacity 21188K, committed 21552K, reserved 1069056K
  class space    used 2521K, capacity 2614K, committed 2688K, reserved 1048576K
GC Heap History (10 events):
Event: 53.113 GC heap before
{Heap before GC invocations=4 (full 0):
 PSYoungGen      total 18944K, used 18919K [0x00000000eb380000, 0x00000000ed880000, 0x0000000100000000)
  eden space 16384K, 100% used [0x00000000eb380000,0x00000000ec380000,0x00000000ec380000)
  from space 2560K, 99% used [0x00000000ec380000,0x00000000ec5f9e60,0x00000000ec600000)
  to   space 2560K, 0% used [0x00000000ed600000,0x00000000ed600000,0x00000000ed880000)
 ParOldGen       total 44032K, used 17964K [0x00000000c1a00000, 0x00000000c4500000, 0x00000000eb380000)
  object space 44032K, 40% used [0x00000000c1a00000,0x00000000c2b8b260,0x00000000c4500000)
 Metaspace       used 18650K, capacity 18902K, committed 19328K, reserved 1067008K
  class space    used 2240K, capacity 2329K, committed 2432K, reserved 1048576K
Event: 53.123 GC heap after
Heap after GC invocations=4 (full 0):
 PSYoungGen      total 18944K, used 2531K [0x00000000eb380000, 0x00000000ed880000, 0x0000000100000000)
  eden space 16384K, 0% used [0x00000000eb380000,0x00000000eb380000,0x00000000ec380000)
  from space 2560K, 98% used [0x00000000ed600000,0x00000000ed878db0,0x00000000ed880000)
  to   space 2560K, 0% used [0x00000000ec380000,0x00000000ec380000,0x00000000ec600000)
 ParOldGen       total 44032K, used 21842K [0x00000000c1a00000, 0x00000000c4500000, 0x00000000eb380000)
  object space 44032K, 49% used [0x00000000c1a00000,0x00000000c2f54920,0x00000000c4500000)
 Metaspace       used 18650K, capacity 18902K, committed 19328K, reserved 1067008K
  class space    used 2240K, capacity 2329K, committed 2432K, reserved 1048576K
}
Event: 71.729 GC heap before
{Heap before GC invocations=5 (full 0):
 PSYoungGen      total 18944K, used 18915K [0x00000000eb380000, 0x00000000ed880000, 0x0000000100000000)
  eden space 16384K, 100% used [0x00000000eb380000,0x00000000ec380000,0x00000000ec380000)
  from space 2560K, 98% used [0x00000000ed600000,0x00000000ed878db0,0x00000000ed880000)
  to   space 2560K, 0% used [0x00000000ec380000,0x00000000ec380000,0x00000000ec600000)
 ParOldGen       total 44032K, used 21842K [0x00000000c1a00000, 0x00000000c4500000, 0x00000000eb380000)
  object space 44032K, 49% used [0x00000000c1a00000,0x00000000c2f54920,0x00000000c4500000)
 Metaspace       used 20666K, capacity 20978K, committed 21120K, reserved 1067008K
  class space    used 2499K, capacity 2611K, committed 2688K, reserved 1048576K
Event: 71.743 GC heap after
Heap after GC invocations=5 (full 0):
 PSYoungGen      total 18944K, used 2538K [0x00000000eb380000, 0x00000000ed880000, 0x0000000100000000)
  eden space 16384K, 0% used [0x00000000eb380000,0x00000000eb380000,0x00000000ec380000)
  from space 2560K, 99% used [0x00000000ec380000,0x00000000ec5fa850,0x00000000ec600000)
  to   space 10752K, 0% used [0x00000000ece00000,0x00000000ece00000,0x00000000ed880000)
 ParOldGen       total 44032K, used 24355K [0x00000000c1a00000, 0x00000000c4500000, 0x00000000eb380000)
  object space 44032K, 55% used [0x00000000c1a00000,0x00000000c31c8e10,0x00000000c4500000)
 Metaspace       used 20666K, capacity 20978K, committed 21120K, reserved 1067008K
  class space    used 2499K, capacity 2611K, committed 2688K, reserved 1048576K
}
Event: 72.033 GC heap before
{Heap before GC invocations=6 (full 0):
 PSYoungGen      total 18944K, used 18922K [0x00000000eb380000, 0x00000000ed880000, 0x0000000100000000)
  eden space 16384K, 100% used [0x00000000eb380000,0x00000000ec380000,0x00000000ec380000)
  from space 2560K, 99% used [0x00000000ec380000,0x00000000ec5fa850,0x00000000ec600000)
  to   space 10752K, 0% used [0x00000000ece00000,0x00000000ece00000,0x00000000ed880000)
 ParOldGen       total 44032K, used 24355K [0x00000000c1a00000, 0x00000000c4500000, 0x00000000eb380000)
  object space 44032K, 55% used [0x00000000c1a00000,0x00000000c31c8e10,0x00000000c4500000)
 Metaspace       used 20802K, capacity 21060K, committed 21296K, reserved 1069056K
  class space    used 2508K, capacity 2614K, committed 2688K, reserved 1048576K
Event: 72.046 GC heap after
Heap after GC invocations=6 (full 0):
 PSYoungGen      total 27136K, used 6956K [0x00000000eb380000, 0x00000000ee880000, 0x0000000100000000)
  eden space 16384K, 0% used [0x00000000eb380000,0x00000000eb380000,0x00000000ec380000)
  from space 10752K, 64% used [0x00000000ece00000,0x00000000ed4cb060,0x00000000ed880000)
  to   space 10752K, 0% used [0x00000000ec380000,0x00000000ec380000,0x00000000ece00000)
 ParOldGen       total 44032K, used 32551K [0x00000000c1a00000, 0x00000000c4500000, 0x00000000eb380000)
  object space 44032K, 73% used [0x00000000c1a00000,0x00000000c39c9e30,0x00000000c4500000)
 Metaspace       used 20802K, capacity 21060K, committed 21296K, reserved 1069056K
  class space    used 2508K, capacity 2614K, committed 2688K, reserved 1048576K
}
Event: 74.627 GC heap before
{Heap before GC invocations=7 (full 0):
 PSYoungGen      total 27136K, used 22587K [0x00000000eb380000, 0x00000000ee880000, 0x0000000100000000)
  eden space 16384K, 95% used [0x00000000eb380000,0x00000000ec2c3d50,0x00000000ec380000)
  from space 10752K, 64% used [0x00000000ece00000,0x00000000ed4cb060,0x00000000ed880000)
  to   space 10752K, 0% used [0x00000000ec380000,0x00000000ec380000,0x00000000ece00000)
 ParOldGen       total 44032K, used 32551K [0x00000000c1a00000, 0x00000000c4500000, 0x00000000eb380000)
  object space 44032K, 73% used [0x00000000c1a00000,0x00000000c39c9e30,0x00000000c4500000)
 Metaspace       used 20851K, capacity 21124K, committed 21296K, reserved 1069056K
  class space    used 2510K, capacity 2614K, committed 2688K, reserved 1048576K
Event: 74.642 GC heap after
Heap after GC invocations=7 (full 0):
 PSYoungGen      total 27136K, used 10654K [0x00000000eb380000, 0x00000000eea80000, 0x0000000100000000)
  eden space 16384K, 0% used [0x00000000eb380000,0x00000000eb380000,0x00000000ec380000)
  from space 10752K, 99% used [0x00000000ec380000,0x00000000ecde7860,0x00000000ece00000)
  to   space 11776K, 0% used [0x00000000edf00000,0x00000000edf00000,0x00000000eea80000)
 ParOldGen       total 44032K, used 37193K [0x00000000c1a00000, 0x00000000c4500000, 0x00000000eb380000)
  object space 44032K, 84% used [0x00000000c1a00000,0x00000000c3e526b0,0x00000000c4500000)
 Metaspace       used 20851K, capacity 21124K, committed 21296K, reserved 1069056K
  class space    used 2510K, capacity 2614K, committed 2688K, reserved 1048576K
}
Event: 74.643 GC heap before
{Heap before GC invocations=8 (full 1):
 PSYoungGen      total 27136K, used 10654K [0x00000000eb380000, 0x00000000eea80000, 0x0000000100000000)
  eden space 16384K, 0% used [0x00000000eb380000,0x00000000eb380000,0x00000000ec380000)
  from space 10752K, 99% used [0x00000000ec380000,0x00000000ecde7860,0x00000000ece00000)
  to   space 11776K, 0% used [0x00000000edf00000,0x00000000edf00000,0x00000000eea80000)
 ParOldGen       total 44032K, used 37193K [0x00000000c1a00000, 0x00000000c4500000, 0x00000000eb380000)
  object space 44032K, 84% used [0x00000000c1a00000,0x00000000c3e526b0,0x00000000c4500000)
 Metaspace       used 20851K, capacity 21124K, committed 21296K, reserved 1069056K
  class space    used 2510K, capacity 2614K, committed 2688K, reserved 1048576K
Event: 74.717 GC heap after
Heap after GC invocations=8 (full 1):
 PSYoungGen      total 27136K, used 0K [0x00000000eb380000, 0x00000000eea80000, 0x0000000100000000)
  eden space 16384K, 0% used [0x00000000eb380000,0x00000000eb380000,0x00000000ec380000)
  from space 10752K, 0% used [0x00000000ec380000,0x00000000ec380000,0x00000000ece00000)
  to   space 11776K, 0% used [0x00000000edf00000,0x00000000edf00000,0x00000000eea80000)
 ParOldGen       total 52224K, used 24891K [0x00000000c1a00000, 0x00000000c4d00000, 0x00000000eb380000)
  object space 52224K, 47% used [0x00000000c1a00000,0x00000000c324ee20,0x00000000c4d00000)
 Metaspace       used 20851K, capacity 21124K, committed 21296K, reserved 1069056K
  class space    used 2510K, capacity 2614K, committed 2688K, reserved 1048576K
}

